2026-02-14 11:02:24.332  7131-7131  COMPACT                 com.lagradost.cloudstream3           I  showToast = Reloaded
2026-02-14 11:02:24.335  7131-7176  [Laroza] [getMainPage]  com.lagradost.cloudstream3           I  START page=1, data=/category.php?cat=ramadan-2026, name=رمضان 2026
2026-02-14 11:02:24.335  7131-7179  [Laroza] [getMainPage]  com.lagradost.cloudstream3           I  START page=1, data=/category.php?cat=arabic-series46, name=مسلسلات
2026-02-14 11:02:24.335  7131-7179  ProviderSession         com.lagradost.cloudstream3           D  [load] Loaded session | domain=laroza.lol, cookies=1, valid=true
2026-02-14 11:02:24.335  7131-7173  [Laroza] [getMainPage]  com.lagradost.cloudstream3           I  START page=1, data=/category.php?cat=arabic-movies33, name=أفلام
2026-02-14 11:02:24.335  7131-7176  ProviderSession         com.lagradost.cloudstream3           D  [load] Loaded session | domain=laroza.lol, cookies=1, valid=true
2026-02-14 11:02:24.335  7131-7176  SessionProvider         com.lagradost.cloudstream3           D  [initialize] Session initialized | domain=laroza.lol, hasCookies=true, uaHash=1541428330
2026-02-14 11:02:24.335  7131-7173  ProviderSession         com.lagradost.cloudstream3           D  [load] Loaded session | domain=laroza.lol, cookies=1, valid=true
2026-02-14 11:02:24.335  7131-7176  [Laroza] [getMainPage]  com.lagradost.cloudstream3           D  Loading all categories from mainPage definition (3 entries)
2026-02-14 11:02:24.335  7131-7173  SessionProvider         com.lagradost.cloudstream3           D  [initialize] Session initialized | domain=laroza.lol, hasCookies=true, uaHash=1541428330
2026-02-14 11:02:24.335  7131-7176  [Laroza] [getMainPage]  com.lagradost.cloudstream3           D  Processing category 0: 'رمضان 2026' -> '/category.php?cat=ramadan-2026'
2026-02-14 11:02:24.335  7131-7173  [Laroza] [getMainPage]  com.lagradost.cloudstream3           D  Loading all categories from mainPage definition (3 entries)
2026-02-14 11:02:24.335  7131-7173  [Laroza] [getMainPage]  com.lagradost.cloudstream3           D  Processing category 0: 'رمضان 2026' -> '/category.php?cat=ramadan-2026'
2026-02-14 11:02:24.335  7131-7173  [Laroza] [getMainPage]  com.lagradost.cloudstream3           D  Fetching URL: https://laroza.lol/category.php?cat=ramadan-2026
2026-02-14 11:02:24.335  7131-7179  SessionProvider         com.lagradost.cloudstream3           D  [initialize] Session initialized | domain=laroza.lol, hasCookies=true, uaHash=1541428330
2026-02-14 11:02:24.335  7131-7179  [Laroza] [getMainPage]  com.lagradost.cloudstream3           D  Loading all categories from mainPage definition (3 entries)
2026-02-14 11:02:24.335  7131-7179  [Laroza] [getMainPage]  com.lagradost.cloudstream3           D  Processing category 0: 'رمضان 2026' -> '/category.php?cat=ramadan-2026'
2026-02-14 11:02:24.335  7131-7179  [Laroza] [getMainPage]  com.lagradost.cloudstream3           D  Fetching URL: https://laroza.lol/category.php?cat=ramadan-2026
2026-02-14 11:02:24.336  7131-7173  RequestQueue            com.lagradost.cloudstream3           D  [enqueue] Request is LEADER | domain=laroza.lol, url=https://laroza.lol/category.php?cat=ramadan-2026
2026-02-14 11:02:24.336  7131-7179  RequestQueue            com.lagradost.cloudstream3           D  [enqueue] Request is FOLLOWER | domain=laroza.lol, url=https://laroza.lol/category.php?cat=ramadan-2026
2026-02-14 11:02:24.336  7131-7173  ProviderSession         com.lagradost.cloudstream3           D  [buildHeaders] Building request headers | domain=laroza.lol, cookieCount=1, hasClearance=false, isValid=true, uaHash=1541428330
2026-02-14 11:02:24.336  7131-7173  ProviderSession         com.lagradost.cloudstream3           D  [buildHeaders] Cookie header set | keys=[PHPSESSID]
2026-02-14 11:02:24.336  7131-7176  [Laroza] [getMainPage]  com.lagradost.cloudstream3           D  Fetching URL: https://laroza.lol/category.php?cat=ramadan-2026
2026-02-14 11:02:24.336  7131-7173  ProviderHttp            com.lagradost.cloudstream3           D  [executeDirectRequest] Executing HTTP request | url=https://laroza.lol/category.php?cat=ramadan-2026, domain=laroza.lol, hasCookie=true, cookieKeys=[PHPSESSID]
2026-02-14 11:02:24.336  7131-7176  RequestQueue            com.lagradost.cloudstream3           D  [enqueue] Request is FOLLOWER | domain=laroza.lol, url=https://laroza.lol/category.php?cat=ramadan-2026
2026-02-14 11:02:24.336  7131-7131  Toast                   com.lagradost.cloudstream3           E  setGravity() shouldn't be called on text toasts, the values won't be used
2026-02-14 11:02:24.336  7131-7131  Toast                   com.lagradost.cloudstream3           I  setView: it's a custom toast
2026-02-14 11:02:24.338  7131-7131  Toast                   com.lagradost.cloudstream3           I  show: caller = com.lagradost.cloudstream3.CommonActivity.showToast:185
2026-02-14 11:02:24.339  7131-7131  Toast                   com.lagradost.cloudstream3           I  show: contextDispId = 0 mCustomDisplayId = -1 focusedDisplayId = 0 isActivityContext = true
2026-02-14 11:02:24.351  7131-7131  CoilImgLoader           com.lagradost.cloudstream3           E  Error loading image: coil3.request.NullRequestDataException: The request's data is null.
2026-02-14 11:02:24.352  7131-7131  CoilImgLoader           com.lagradost.cloudstream3           E  Error loading image: coil3.request.NullRequestDataException: The request's data is null.
2026-02-14 11:02:24.355  7131-7131  ToastPresenter          com.lagradost.cloudstream3           V  yOffset = 18
2026-02-14 11:02:24.357  7131-7155  NativeCust...ncyManager com.lagradost.cloudstream3           D  [NativeCFMS] BpCustomFrequencyManager::BpCustomFrequencyManager()
2026-02-14 11:02:24.361  7131-7131  InsetsController        com.lagradost.cloudstream3           I  onStateChanged: host=Toast, from=android.view.ViewRootImpl.onInsetsStateChanged:3026, state=InsetsState: {mDisplayFrame=Rect(0, 0 - 1440, 3088), mDisplayCutout=DisplayCutout{insets=Rect(0, 100 - 0, 0) waterfall=Insets{left=0, top=0, right=0, bottom=0} boundingRect={Bounds=[Rect(0, 0 - 0, 0), Rect(685, 0 - 756, 100), Rect(0, 0 - 0, 0), Rect(0, 0 - 0, 0)]} cutoutPathParserInfo={CutoutPathParserInfo{displayWidth=1440 displayHeight=3088 physicalDisplayWidth=1440 physicalDisplayHeight=3088 density={3.75} cutoutSpec={M 0,0 H -9.466666666666667 V 26.66666666666667‬ H 9.466666666666667 V 0 H 0 Z @dp} rotation={0} scale={1.0} physicalPixelDisplaySizeRatio={1.0}}} sideOverrides={}}, mRoundedCorners=RoundedCorners{[RoundedCorner{position=TopLeft, radius=15, center=Point(15, 15)}, RoundedCorner{position=TopRight, radius=15, center=Point(1425, 15)}, RoundedCorner{position=BottomRight, radius=15, center=Point(1425, 3073)}, RoundedCorner{position=BottomLeft, radius=15, center=Point(15, 3073)}]}  mRoundedCornerFrame=Rect(0, 0 - 0, 0), mPrivacyIndicatorBounds=PrivacyIndicatorBounds {static bounds=Rect(1275, 0 - 1440, 100) rotation=0}, mDisplayShape=DisplayShape{ spec=-311912193 displayWidth=1440 displayHeight=3088 physicalPixelDisplaySizeRatio=1.0 rotation=0 offsetX=0 offsetY=0 scale=1.0}, mSources= { InsetsSource: {82420000 mType=statusBars mFrame=[0,0][1440,100] mVisible=true mFlags= mSideHint=TOP mBoundingRects=null}, InsetsSource: {82420005 mType=mandatorySystemGestures mFrame=[0,0][1440,145] mVisible=true mFlags= mSideHint=TOP mBoundingRects=null}, InsetsSource: {82420006 mType=tappableElement mFrame=[0,0][1440,100] mVisible=true mFlags= mSideHint=TOP mBoundingRects=null}, InsetsSource: {b7460001 mType=navigationBars mFrame=[0,2908][1440,3088] mVisible=true mFlags= mSideHint=BOTTOM mBoundingRects=null}, InsetsSource: {b7460004 mType=systemGestures mFrame=[0,0][0,0] mVisible=true mFlags= mSideHint=NONE mBoundingRects=null}, InsetsSource: {b7460005 mType=mandatorySystemGestures mFrame=[0,2908][1440,3088] mVisible=true mFlags= mSideHint=BOTTOM mBoundingRects=null}, InsetsSource: {b7460006 mType=tappableElement mFrame=[0,2908][1440,3088] mVisible=true mFlags= mSideHint=BOTTOM mBoundingRects=null}, InsetsSource: {b7460024 mType=systemGestures mFrame=[0,0][0,0] mVisible=true mFlags= mSideHint=NONE mBoundingRects=null}, InsetsSource: {3 mType=ime mFrame=[0,0][0,0] mVisible=false mFlags= mSideHint=NONE mBoundingRects=null}, InsetsSource: {27 mType=displayCutout mFrame=[0,0][1440,100] mVisible=true mFlags= mSideHint=TOP mBoundingRects=null} }
2026-02-14 11:02:24.896  7131-7173  RequestQueue            com.lagradost.cloudstream3           I  [executeAsLeader] Leader SUCCESS | domain=laroza.lol
2026-02-14 11:02:24.896  7131-7173  RequestQueue            com.lagradost.cloudstream3           D  [runFollowersParallel] Running followers | count=2, domain=laroza.lol
2026-02-14 11:02:24.896  7131-7173  ProviderSession         com.lagradost.cloudstream3           D  [buildHeaders] Building request headers | domain=laroza.lol, cookieCount=1, hasClearance=false, isValid=true, uaHash=1541428330
2026-02-14 11:02:24.896  7131-7176  ProviderSession         com.lagradost.cloudstream3           D  [buildHeaders] Building request headers | domain=laroza.lol, cookieCount=1, hasClearance=false, isValid=true, uaHash=1541428330
2026-02-14 11:02:24.896  7131-7173  ProviderSession         com.lagradost.cloudstream3           D  [buildHeaders] Cookie header set | keys=[PHPSESSID]
2026-02-14 11:02:24.896  7131-7176  ProviderSession         com.lagradost.cloudstream3           D  [buildHeaders] Cookie header set | keys=[PHPSESSID]
2026-02-14 11:02:24.896  7131-7173  ProviderHttp            com.lagradost.cloudstream3           D  [executeDirectRequest] Executing HTTP request | url=https://laroza.lol/category.php?cat=ramadan-2026, domain=laroza.lol, hasCookie=true, cookieKeys=[PHPSESSID]
2026-02-14 11:02:24.896  7131-7176  ProviderHttp            com.lagradost.cloudstream3           D  [executeDirectRequest] Executing HTTP request | url=https://laroza.lol/category.php?cat=ramadan-2026, domain=laroza.lol, hasCookie=true, cookieKeys=[PHPSESSID]
2026-02-14 11:02:25.430  7131-7176  [Laroza] [getMainPage]  com.lagradost.cloudstream3           D  Document fetched successfully. Parsing...
2026-02-14 11:02:25.430  7131-7176  [Laroza] [getMainPage]  com.lagradost.cloudstream3           D  Parsed 0 items for 'رمضان 2026'
2026-02-14 11:02:25.430  7131-7176  [Laroza] [getMainPage]  com.lagradost.cloudstream3           W  No items found for category 'رمضان 2026'
2026-02-14 11:02:25.430  7131-7176  [Laroza] [getMainPage]  com.lagradost.cloudstream3           D  Processing category 1: 'أفلام' -> '/category.php?cat=arabic-movies33'
2026-02-14 11:02:25.430  7131-7176  [Laroza] [getMainPage]  com.lagradost.cloudstream3           D  Fetching URL: https://laroza.lol/category.php?cat=arabic-movies33
2026-02-14 11:02:25.430  7131-7176  RequestQueue            com.lagradost.cloudstream3           D  [enqueue] Request is LEADER | domain=laroza.lol, url=https://laroza.lol/category.php?cat=arabic-movies33
2026-02-14 11:02:25.430  7131-7176  ProviderSession         com.lagradost.cloudstream3           D  [buildHeaders] Building request headers | domain=laroza.lol, cookieCount=1, hasClearance=false, isValid=true, uaHash=1541428330
2026-02-14 11:02:25.430  7131-7176  ProviderSession         com.lagradost.cloudstream3           D  [buildHeaders] Cookie header set | keys=[PHPSESSID]
2026-02-14 11:02:25.430  7131-7176  ProviderHttp            com.lagradost.cloudstream3           D  [executeDirectRequest] Executing HTTP request | url=https://laroza.lol/category.php?cat=arabic-movies33, domain=laroza.lol, hasCookie=true, cookieKeys=[PHPSESSID]
2026-02-14 11:02:25.493  7131-7173  [Laroza] [getMainPage]  com.lagradost.cloudstream3           D  Document fetched successfully. Parsing...
2026-02-14 11:02:25.494  7131-7173  [Laroza] [getMainPage]  com.lagradost.cloudstream3           D  Parsed 0 items for 'رمضان 2026'
2026-02-14 11:02:25.494  7131-7173  [Laroza] [getMainPage]  com.lagradost.cloudstream3           W  No items found for category 'رمضان 2026'
2026-02-14 11:02:25.494  7131-7173  [Laroza] [getMainPage]  com.lagradost.cloudstream3           D  Processing category 1: 'أفلام' -> '/category.php?cat=arabic-movies33'
2026-02-14 11:02:25.494  7131-7173  [Laroza] [getMainPage]  com.lagradost.cloudstream3           D  Fetching URL: https://laroza.lol/category.php?cat=arabic-movies33
2026-02-14 11:02:25.494  7131-7173  RequestQueue            com.lagradost.cloudstream3           D  [enqueue] Request is FOLLOWER | domain=laroza.lol, url=https://laroza.lol/category.php?cat=arabic-movies33
2026-02-14 11:02:25.498  7131-7168  [Laroza] [getMainPage]  com.lagradost.cloudstream3           D  Document fetched successfully. Parsing...
2026-02-14 11:02:25.498  7131-7168  [Laroza] [getMainPage]  com.lagradost.cloudstream3           D  Parsed 0 items for 'رمضان 2026'
2026-02-14 11:02:25.498  7131-7168  [Laroza] [getMainPage]  com.lagradost.cloudstream3           W  No items found for category 'رمضان 2026'
2026-02-14 11:02:25.498  7131-7168  [Laroza] [getMainPage]  com.lagradost.cloudstream3           D  Processing category 1: 'أفلام' -> '/category.php?cat=arabic-movies33'
2026-02-14 11:02:25.498  7131-7168  [Laroza] [getMainPage]  com.lagradost.cloudstream3           D  Fetching URL: https://laroza.lol/category.php?cat=arabic-movies33
2026-02-14 11:02:25.498  7131-7168  RequestQueue            com.lagradost.cloudstream3           D  [enqueue] Request is FOLLOWER | domain=laroza.lol, url=https://laroza.lol/category.php?cat=arabic-movies33
2026-02-14 11:02:25.941  7131-7176  RequestQueue            com.lagradost.cloudstream3           I  [executeAsLeader] Leader SUCCESS | domain=laroza.lol
2026-02-14 11:02:25.941  7131-7176  RequestQueue            com.lagradost.cloudstream3           D  [runFollowersParallel] Running followers | count=2, domain=laroza.lol
2026-02-14 11:02:25.942  7131-7176  ProviderSession         com.lagradost.cloudstream3           D  [buildHeaders] Building request headers | domain=laroza.lol, cookieCount=1, hasClearance=false, isValid=true, uaHash=1541428330
2026-02-14 11:02:25.942  7131-7168  ProviderSession         com.lagradost.cloudstream3           D  [buildHeaders] Building request headers | domain=laroza.lol, cookieCount=1, hasClearance=false, isValid=true, uaHash=1541428330
2026-02-14 11:02:25.942  7131-7176  ProviderSession         com.lagradost.cloudstream3           D  [buildHeaders] Cookie header set | keys=[PHPSESSID]
2026-02-14 11:02:25.942  7131-7168  ProviderSession         com.lagradost.cloudstream3           D  [buildHeaders] Cookie header set | keys=[PHPSESSID]
2026-02-14 11:02:25.942  7131-7176  ProviderHttp            com.lagradost.cloudstream3           D  [executeDirectRequest] Executing HTTP request | url=https://laroza.lol/category.php?cat=arabic-movies33, domain=laroza.lol, hasCookie=true, cookieKeys=[PHPSESSID]
2026-02-14 11:02:25.942  7131-7168  ProviderHttp            com.lagradost.cloudstream3           D  [executeDirectRequest] Executing HTTP request | url=https://laroza.lol/category.php?cat=arabic-movies33, domain=laroza.lol, hasCookie=true, cookieKeys=[PHPSESSID]
2026-02-14 11:02:26.489  7131-7168  [Laroza] [getMainPage]  com.lagradost.cloudstream3           D  Document fetched successfully. Parsing...
2026-02-14 11:02:26.490  7131-7168  [Laroza] [getMainPage]  com.lagradost.cloudstream3           D  Parsed 0 items for 'أفلام'
2026-02-14 11:02:26.490  7131-7168  [Laroza] [getMainPage]  com.lagradost.cloudstream3           W  No items found for category 'أفلام'
2026-02-14 11:02:26.490  7131-7168  [Laroza] [getMainPage]  com.lagradost.cloudstream3           D  Processing category 2: 'مسلسلات' -> '/category.php?cat=arabic-series46'
2026-02-14 11:02:26.490  7131-7168  [Laroza] [getMainPage]  com.lagradost.cloudstream3           D  Fetching URL: https://laroza.lol/category.php?cat=arabic-series46
2026-02-14 11:02:26.490  7131-7168  RequestQueue            com.lagradost.cloudstream3           D  [enqueue] Request is LEADER | domain=laroza.lol, url=https://laroza.lol/category.php?cat=arabic-series46
2026-02-14 11:02:26.490  7131-7168  ProviderSession         com.lagradost.cloudstream3           D  [buildHeaders] Building request headers | domain=laroza.lol, cookieCount=1, hasClearance=false, isValid=true, uaHash=1541428330
2026-02-14 11:02:26.490  7131-7168  ProviderSession         com.lagradost.cloudstream3           D  [buildHeaders] Cookie header set | keys=[PHPSESSID]
2026-02-14 11:02:26.490  7131-7168  ProviderHttp            com.lagradost.cloudstream3           D  [executeDirectRequest] Executing HTTP request | url=https://laroza.lol/category.php?cat=arabic-series46, domain=laroza.lol, hasCookie=true, cookieKeys=[PHPSESSID]
2026-02-14 11:02:26.548  7131-7176  [Laroza] [getMainPage]  com.lagradost.cloudstream3           D  Document fetched successfully. Parsing...
2026-02-14 11:02:26.548  7131-7176  [Laroza] [getMainPage]  com.lagradost.cloudstream3           D  Parsed 0 items for 'أفلام'
2026-02-14 11:02:26.548  7131-7176  [Laroza] [getMainPage]  com.lagradost.cloudstream3           W  No items found for category 'أفلام'
2026-02-14 11:02:26.548  7131-7176  [Laroza] [getMainPage]  com.lagradost.cloudstream3           D  Processing category 2: 'مسلسلات' -> '/category.php?cat=arabic-series46'
2026-02-14 11:02:26.548  7131-7176  [Laroza] [getMainPage]  com.lagradost.cloudstream3           D  Fetching URL: https://laroza.lol/category.php?cat=arabic-series46
2026-02-14 11:02:26.548  7131-7176  RequestQueue            com.lagradost.cloudstream3           D  [enqueue] Request is FOLLOWER | domain=laroza.lol, url=https://laroza.lol/category.php?cat=arabic-series46
2026-02-14 11:02:26.552  7131-7173  [Laroza] [getMainPage]  com.lagradost.cloudstream3           D  Document fetched successfully. Parsing...
2026-02-14 11:02:26.553  7131-7173  [Laroza] [getMainPage]  com.lagradost.cloudstream3           D  Parsed 0 items for 'أفلام'
2026-02-14 11:02:26.553  7131-7173  [Laroza] [getMainPage]  com.lagradost.cloudstream3           W  No items found for category 'أفلام'
2026-02-14 11:02:26.553  7131-7173  [Laroza] [getMainPage]  com.lagradost.cloudstream3           D  Processing category 2: 'مسلسلات' -> '/category.php?cat=arabic-series46'
2026-02-14 11:02:26.553  7131-7173  [Laroza] [getMainPage]  com.lagradost.cloudstream3           D  Fetching URL: https://laroza.lol/category.php?cat=arabic-series46
2026-02-14 11:02:26.553  7131-7173  RequestQueue            com.lagradost.cloudstream3           D  [enqueue] Request is FOLLOWER | domain=laroza.lol, url=https://laroza.lol/category.php?cat=arabic-series46
2026-02-14 11:02:26.907  7131-7168  RequestQueue            com.lagradost.cloudstream3           I  [executeAsLeader] Leader SUCCESS | domain=laroza.lol
2026-02-14 11:02:26.907  7131-7168  RequestQueue            com.lagradost.cloudstream3           D  [runFollowersParallel] Running followers | count=2, domain=laroza.lol
2026-02-14 11:02:26.907  7131-7168  ProviderSession         com.lagradost.cloudstream3           D  [buildHeaders] Building request headers | domain=laroza.lol, cookieCount=1, hasClearance=false, isValid=true, uaHash=1541428330
2026-02-14 11:02:26.907  7131-7173  ProviderSession         com.lagradost.cloudstream3           D  [buildHeaders] Building request headers | domain=laroza.lol, cookieCount=1, hasClearance=false, isValid=true, uaHash=1541428330
2026-02-14 11:02:26.907  7131-7168  ProviderSession         com.lagradost.cloudstream3           D  [buildHeaders] Cookie header set | keys=[PHPSESSID]
2026-02-14 11:02:26.907  7131-7173  ProviderSession         com.lagradost.cloudstream3           D  [buildHeaders] Cookie header set | keys=[PHPSESSID]
2026-02-14 11:02:26.907  7131-7168  ProviderHttp            com.lagradost.cloudstream3           D  [executeDirectRequest] Executing HTTP request | url=https://laroza.lol/category.php?cat=arabic-series46, domain=laroza.lol, hasCookie=true, cookieKeys=[PHPSESSID]
2026-02-14 11:02:26.907  7131-7173  ProviderHttp            com.lagradost.cloudstream3           D  [executeDirectRequest] Executing HTTP request | url=https://laroza.lol/category.php?cat=arabic-series46, domain=laroza.lol, hasCookie=true, cookieKeys=[PHPSESSID]
2026-02-14 11:02:27.502  7131-7173  [Laroza] [getMainPage]  com.lagradost.cloudstream3           D  Document fetched successfully. Parsing...
2026-02-14 11:02:27.503  7131-7173  [Laroza] [getMainPage]  com.lagradost.cloudstream3           D  Parsed 0 items for 'مسلسلات'
2026-02-14 11:02:27.503  7131-7173  [Laroza] [getMainPage]  com.lagradost.cloudstream3           W  No items found for category 'مسلسلات'
2026-02-14 11:02:27.503  7131-7173  [Laroza] [getMainPage]  com.lagradost.cloudstream3           I  END. Returning 0 sections.
2026-02-14 11:02:27.556  7131-7168  [Laroza] [getMainPage]  com.lagradost.cloudstream3           D  Document fetched successfully. Parsing...
2026-02-14 11:02:27.557  7131-7168  [Laroza] [getMainPage]  com.lagradost.cloudstream3           D  Parsed 0 items for 'مسلسلات'
2026-02-14 11:02:27.557  7131-7168  [Laroza] [getMainPage]  com.lagradost.cloudstream3           W  No items found for category 'مسلسلات'
2026-02-14 11:02:27.557  7131-7168  [Laroza] [getMainPage]  com.lagradost.cloudstream3           I  END. Returning 0 sections.
2026-02-14 11:02:27.562  7131-7169  [Laroza] [getMainPage]  com.lagradost.cloudstream3           D  Document fetched successfully. Parsing...
2026-02-14 11:02:27.562  7131-7169  [Laroza] [getMainPage]  com.lagradost.cloudstream3           D  Parsed 0 items for 'مسلسلات'
2026-02-14 11:02:27.562  7131-7169  [Laroza] [getMainPage]  com.lagradost.cloudstream3           W  No items found for category 'مسلسلات'
2026-02-14 11:02:27.562  7131-7169  [Laroza] [getMainPage]  com.lagradost.cloudstream3           I  END. Returning 0 sections.
