2026-03-18 11:35:05.724 18626-18626 Dialog                  com.lagradost.cloudstream3           I  mIsDeviceDefault = false, mIsSamsungBasicInteraction = false, isMetaDataInActivity = false
2026-03-18 11:35:07.108 18626-18830 ProviderSession         com.lagradost.cloudstream3           D  [load] No cookies, treating as null
2026-03-18 11:35:07.108 18626-18830 SessionProvider         com.lagradost.cloudstream3           D  [initialize] Session initialized | domain=d.syrlive.com/, hasCookies=false, uaHash=42420065
2026-03-18 11:35:07.330 18626-18830 DomainManager           com.lagradost.cloudstream3           D  [ensureInitialized] Raw GitHub config received | body={
                                                                                                      "domain": "https://m.syrlive.com",
                                                                                                      "version": 2,
                                                                                                      "lastUpdated": "2026-03-18T10:13:37.862Z"
                                                                                                    }
2026-03-18 11:35:07.330 18626-18830 DomainManager           com.lagradost.cloudstream3           I  [ensureInitialized] Remote domain update | old=d.syrlive.com/, new=m.syrlive.com
2026-03-18 11:35:07.330 18626-18830 DomainManager           com.lagradost.cloudstream3           I  [updateDomain] Updated | domain=m.syrlive.com
2026-03-18 11:35:07.331 18626-18830 ProviderSession         com.lagradost.cloudstream3           D  [save] Saved session | domain=m.syrlive.com, cookies=0
2026-03-18 11:35:07.331 18626-18830 RequestQueue            com.lagradost.cloudstream3           D  [enqueue] Request is LEADER | domain=m.syrlive.com, url=https://m.syrlive.com
2026-03-18 11:35:07.332 18626-18830 ProviderHttp            com.lagradost.cloudstream3           D  [executeDirectRequest] Executing HTTP request | url=https://m.syrlive.com, urlDomain=m.syrlive.com, sessionDomain=m.syrlive.com, isAlias=false, hasCookie=false, cookieCount=0
2026-03-18 11:35:07.749 18626-18830 RequestQueue            com.lagradost.cloudstream3           I  [executeAsLeader] Leader SUCCESS | domain=m.syrlive.com
2026-03-18 11:35:07.778 18626-18666 [SyriaLive] [load]      com.lagradost.cloudstream3           I  START url='https://www.syrlive.com/chelsea-comeback-westham/'
2026-03-18 11:35:07.778 18626-18826 [SyriaLive] [load]      com.lagradost.cloudstream3           I  START url='https://www.syrlive.com/manutd-vs-fulham-preview/'
2026-03-18 11:35:07.778 18626-18826 RequestQueue            com.lagradost.cloudstream3           D  [enqueue] Request is LEADER | domain=syrlive.com, url=https://www.syrlive.com/manutd-vs-fulham-preview/
2026-03-18 11:35:07.779 18626-18826 ProviderHttp            com.lagradost.cloudstream3           D  [rewriteUrlIfNeeded] Rewrote URL | from=syrlive.com, to=m.syrlive.com
2026-03-18 11:35:07.779 18626-18826 SessionProvider         com.lagradost.cloudstream3           D  [areDomainsRelated] Domain comparison | domain1=www.m.syrlive.com, domain2=d.syrlive.com/, base1=syrlive, base2=syrlive, related=true
2026-03-18 11:35:07.779 18626-18666 RequestQueue            com.lagradost.cloudstream3           D  [enqueue] Request is FOLLOWER | domain=syrlive.com, url=https://www.syrlive.com/chelsea-comeback-westham/
2026-03-18 11:35:07.779 18626-18830 [SyriaLive] [load]      com.lagradost.cloudstream3           I  START url='https://www.syrlive.com/matches/barcelona-vs-newcastle/'
2026-03-18 11:35:07.779 18626-18826 SessionProvider         com.lagradost.cloudstream3           D  [areDomainsRelated] Domain comparison | domain1=www.m.syrlive.com, domain2=d.syrlive.com/, base1=syrlive, base2=syrlive, related=true
2026-03-18 11:35:07.779 18626-18830 RequestQueue            com.lagradost.cloudstream3           D  [enqueue] Request is FOLLOWER | domain=syrlive.com, url=https://www.syrlive.com/matches/barcelona-vs-newcastle/
2026-03-18 11:35:07.779 18626-18826 SessionProvider         com.lagradost.cloudstream3           I  [addDomainAlias] Added domain alias | alias=www.m.syrlive.com, main=d.syrlive.com/, totalAliases=1
2026-03-18 11:35:07.779 18626-18826 SessionProvider         com.lagradost.cloudstream3           D  [getCookiesForDomain] Returning cookies | requestDomain=www.m.syrlive.com, mainDomain=d.syrlive.com/, isAlias=true, cookieCount=0
2026-03-18 11:35:07.779 18626-18826 ProviderHttp            com.lagradost.cloudstream3           D  [executeDirectRequest] Executing HTTP request | url=https://www.m.syrlive.com/manutd-vs-fulham-preview/, urlDomain=www.m.syrlive.com, sessionDomain=m.syrlive.com, isAlias=true, hasCookie=false, cookieCount=0
2026-03-18 11:35:07.793 18626-18826 ProviderHttp            com.lagradost.cloudstream3           E  [executeDirectRequest] Failed | url=https://www.syrlive.com/manutd-vs-fulham-preview/ | error=Unable to resolve host "www.m.syrlive.com": No address associated with hostname
2026-03-18 11:35:07.793 18626-18826 RequestQueue            com.lagradost.cloudstream3           W  [executeAsLeader] Leader FAILED | domain=syrlive.com, error=Unable to resolve host "www.m.syrlive.com": No address associated with hostname
2026-03-18 11:35:07.793 18626-18826 RequestQueue            com.lagradost.cloudstream3           W  [failAllFollowers] Failing followers | count=2, reason=Unable to resolve host "www.m.syrlive.com": No address associated with hostname
2026-03-18 11:35:07.793 18626-18826 [SyriaLive] [load]      com.lagradost.cloudstream3           E  Failed to fetch load document
2026-03-18 11:35:07.793 18626-18830 [SyriaLive] [load]      com.lagradost.cloudstream3           E  Failed to fetch load document
2026-03-18 11:35:07.793 18626-18681 [SyriaLive] [load]      com.lagradost.cloudstream3           E  Failed to fetch load document
2026-03-18 11:35:21.303 18626-18626 CS3ExoPlayer            com.lagradost.cloudstream3           I  SET STYLE = SaveCaptionStyle(foregroundColor=-1, backgroundColor=0, windowColor=0, edgeType=1, edgeColor=-16777216, typeface=null, typefaceFilePath=null, elevation=20, fixedTextSize=null, edgeSize=null, removeCaptions=false, removeBloat=true, upperCase=false, bold=false, italic=false, backgroundRadius=null)
2026-03-18 11:35:21.308 18626-18673 [SyriaLive] [load]      com.lagradost.cloudstream3           I  START url='https://www.syrlive.com/zamalek-vs-al-masry/'
2026-03-18 11:35:21.308 18626-18673 RequestQueue            com.lagradost.cloudstream3           D  [enqueue] Request is LEADER | domain=syrlive.com, url=https://www.syrlive.com/zamalek-vs-al-masry/
2026-03-18 11:35:21.308 18626-18673 ProviderHttp            com.lagradost.cloudstream3           D  [rewriteUrlIfNeeded] Rewrote URL | from=syrlive.com, to=m.syrlive.com
2026-03-18 11:35:21.308 18626-18673 SessionProvider         com.lagradost.cloudstream3           D  [getCookiesForDomain] Returning cookies | requestDomain=www.m.syrlive.com, mainDomain=d.syrlive.com/, isAlias=true, cookieCount=0
2026-03-18 11:35:21.308 18626-18673 ProviderHttp            com.lagradost.cloudstream3           D  [executeDirectRequest] Executing HTTP request | url=https://www.m.syrlive.com/zamalek-vs-al-masry/, urlDomain=www.m.syrlive.com, sessionDomain=m.syrlive.com, isAlias=true, hasCookie=false, cookieCount=0
2026-03-18 11:35:21.319 18626-18626 CS3ExoPlayer            com.lagradost.cloudstream3           I  reloadPlayer
2026-03-18 11:35:21.319 18626-18626 CS3ExoPlayer            com.lagradost.cloudstream3           I  releasePlayer
2026-03-18 11:35:21.319 18626-18626 CS3ExoPlayer            com.lagradost.cloudstream3           I  Handle event: PlayerAttachedEvent(player=null, source=Player)
2026-03-18 11:35:21.344 18626-18673 ProviderHttp            com.lagradost.cloudstream3           E  [executeDirectRequest] Failed | url=https://www.syrlive.com/zamalek-vs-al-masry/ | error=Unable to resolve host "www.m.syrlive.com": No address associated with hostname
2026-03-18 11:35:21.344 18626-18673 RequestQueue            com.lagradost.cloudstream3           W  [executeAsLeader] Leader FAILED | domain=syrlive.com, error=Unable to resolve host "www.m.syrlive.com": No address associated with hostname
2026-03-18 11:35:21.344 18626-18673 [SyriaLive] [load]      com.lagradost.cloudstream3           E  Failed to fetch load document
2026-03-18 11:35:22.420 18626-18626 CS3ExoPlayer            com.lagradost.cloudstream3           I  onStop
2026-03-18 11:35:22.420 18626-18626 CS3ExoPlayer            com.lagradost.cloudstream3           I  saveData
2026-03-18 11:35:22.421 18626-18626 CS3ExoPlayer            com.lagradost.cloudstream3           I  handleEvent Pause
2026-03-18 11:35:22.608 18626-18626 CS3ExoPlayer            com.lagradost.cloudstream3           I  releasePlayer
2026-03-18 11:35:22.608 18626-18626 CS3ExoPlayer            com.lagradost.cloudstream3           I  Handle event: PlayerAttachedEvent(player=null, source=Player)
